Usando la configuración de inicio de C:\Users\Usuario\OneDrive\Escritorio\PIVOT PROJECTS\BOTICA DEL ALMA\boticadelalma-ecommerce\backend\Properties\launchSettings.json...
Compilando...
info: Microsoft.EntityFrameworkCore.Database.Command[20101]
      Executed DbCommand (54ms) [Parameters=[], CommandType='Text', CommandTimeout='30']
      SELECT "MigrationId", "ProductVersion"
      FROM "__EFMigrationsHistory"
      ORDER BY "MigrationId";
info: Microsoft.EntityFrameworkCore.Database.Command[20101]
      Executed DbCommand (39ms) [Parameters=[], CommandType='Text', CommandTimeout='30']
      CREATE TABLE IF NOT EXISTS "__EFMigrationsHistory" (
          "MigrationId" character varying(150) NOT NULL,
          "ProductVersion" character varying(32) NOT NULL,
          CONSTRAINT "PK___EFMigrationsHistory" PRIMARY KEY ("MigrationId")
      );
info: Microsoft.EntityFrameworkCore.Migrations[20411]
      Acquiring an exclusive lock for migration application. See https://aka.ms/efcore-docs-migrations-lock for more information if this takes too long.
info: Microsoft.EntityFrameworkCore.Database.Command[20101]
      Executed DbCommand (3ms) [Parameters=[], CommandType='Text', CommandTimeout='30']
      LOCK TABLE "__EFMigrationsHistory" IN ACCESS EXCLUSIVE MODE
info: Microsoft.EntityFrameworkCore.Database.Command[20101]
      Executed DbCommand (0ms) [Parameters=[], CommandType='Text', CommandTimeout='30']
      SELECT "MigrationId", "ProductVersion"
      FROM "__EFMigrationsHistory"
      ORDER BY "MigrationId";
info: Microsoft.EntityFrameworkCore.Migrations[20405]
      No migrations were applied. The database is already up to date.
info: Microsoft.EntityFrameworkCore.Database.Command[20101]
      Executed DbCommand (3ms) [Parameters=[], CommandType='Text', CommandTimeout='30']
      SELECT EXISTS (
          SELECT 1
          FROM "Categories" AS c
          WHERE c."Id" = 'anillos')
info: Microsoft.EntityFrameworkCore.Database.Command[20101]
      Executed DbCommand (4ms) [Parameters=[], CommandType='Text', CommandTimeout='30']
      SELECT EXISTS (
          SELECT 1
          FROM "Products" AS p
          WHERE p."Name" = 'Aro ac q Cornalina')
info: Microsoft.EntityFrameworkCore.Database.Command[20101]
      Executed DbCommand (1ms) [Parameters=[], CommandType='Text', CommandTimeout='30']
      SELECT p."Id", p."CategoryId", p."CreatedAt", p."ImageUrl", p."Images", p."IsActive", p."IsNew", p."Label", p."Name", p."OriginalPrice", p."Price", p."Rating", p."Reviews", p."Stock", p."Tags", p."Tone", p."UpdatedAt"
      FROM "Products" AS p
info: Microsoft.EntityFrameworkCore.Database.Command[20101]
      Executed DbCommand (58ms) [Parameters=[@p0='?', @p1='?', @p2='?', @p3='?', @p4='?', @p5='?', @p6='?', @p7='?', @p8='?', @p9='?', @p10='?', @p11='?', @p12='?', @p13='?', @p14='?', @p15='?', @p16='?', @p17='?', @p18='?', @p19='?', @p20='?', @p21='?', @p22='?', @p23='?', @p24='?', @p25='?', @p26='?', @p27='?', @p28='?', @p29='?', @p30='?', @p31='?', @p32='?', @p33='?', @p34='?', @p35='?', @p36='?', @p37='?', @p38='?', @p39='?', @p40='?', @p41='?', @p42='?', @p43='?', @p44='?', @p45='?', @p46='?', @p47='?', @p48='?', @p49='?', @p50='?', @p51='?', @p52='?', @p53='?', @p54='?', @p55='?', @p56='?', @p57='?', @p58='?', @p59='?', @p60='?', @p61='?', @p62='?', @p63='?', @p64='?', @p65='?', @p66='?', @p67='?', @p68='?', @p69='?', @p70='?', @p71='?', @p72='?', @p73='?', @p74='?', @p75='?', @p76='?', @p77='?', @p78='?', @p79='?', @p80='?', @p81='?', @p82='?', @p83='?', @p84='?', @p85='?', @p86='?', @p87='?', @p88='?', @p89='?', @p90='?', @p91='?', @p92='?', @p93='?', @p94='?', @p95='?', @p96='?', @p97='?', @p98='?', @p99='?', @p100='?', @p101='?', @p102='?', @p103='?', @p104='?', @p105='?', @p106='?', @p107='?', @p108='?', @p109='?', @p110='?', @p111='?', @p112='?', @p113='?', @p114='?', @p115='?', @p116='?', @p117='?', @p118='?', @p119='?', @p120='?', @p121='?', @p122='?', @p123='?', @p124='?', @p125='?', @p126='?', @p127='?', @p128='?', @p129='?', @p130='?', @p131='?', @p132='?', @p133='?', @p134='?', @p135='?', @p136='?', @p137='?', @p138='?', @p139='?', @p140='?', @p141='?', @p142='?', @p143='?', @p144='?', @p145='?', @p146='?', @p147='?', @p148='?', @p149='?', @p150='?', @p151='?', @p152='?', @p153='?', @p154='?'], CommandType='Text', CommandTimeout='30']
      DELETE FROM "Products"
      WHERE "Id" = @p0;
      DELETE FROM "Products"
      WHERE "Id" = @p1;
      DELETE FROM "Products"
      WHERE "Id" = @p2;
      DELETE FROM "Products"
      WHERE "Id" = @p3;
      DELETE FROM "Products"
      WHERE "Id" = @p4;
      DELETE FROM "Products"
      WHERE "Id" = @p5;
      DELETE FROM "Products"
      WHERE "Id" = @p6;
      DELETE FROM "Products"
      WHERE "Id" = @p7;
      DELETE FROM "Products"
      WHERE "Id" = @p8;
      DELETE FROM "Products"
      WHERE "Id" = @p9;
      DELETE FROM "Products"
      WHERE "Id" = @p10;
      DELETE FROM "Products"
      WHERE "Id" = @p11;
      DELETE FROM "Products"
      WHERE "Id" = @p12;
      DELETE FROM "Products"
      WHERE "Id" = @p13;
      DELETE FROM "Products"
      WHERE "Id" = @p14;
      DELETE FROM "Products"
      WHERE "Id" = @p15;
      DELETE FROM "Products"
      WHERE "Id" = @p16;
      DELETE FROM "Products"
      WHERE "Id" = @p17;
      DELETE FROM "Products"
      WHERE "Id" = @p18;
      DELETE FROM "Products"
      WHERE "Id" = @p19;
      DELETE FROM "Products"
      WHERE "Id" = @p20;
      DELETE FROM "Products"
      WHERE "Id" = @p21;
      DELETE FROM "Products"
      WHERE "Id" = @p22;
      DELETE FROM "Products"
      WHERE "Id" = @p23;
      DELETE FROM "Products"
      WHERE "Id" = @p24;
      DELETE FROM "Products"
      WHERE "Id" = @p25;
      DELETE FROM "Products"
      WHERE "Id" = @p26;
      DELETE FROM "Products"
      WHERE "Id" = @p27;
      DELETE FROM "Products"
      WHERE "Id" = @p28;
      DELETE FROM "Products"
      WHERE "Id" = @p29;
      DELETE FROM "Products"
      WHERE "Id" = @p30;
      DELETE FROM "Products"
      WHERE "Id" = @p31;
      DELETE FROM "Products"
      WHERE "Id" = @p32;
      DELETE FROM "Products"
      WHERE "Id" = @p33;
      DELETE FROM "Products"
      WHERE "Id" = @p34;
      DELETE FROM "Products"
      WHERE "Id" = @p35;
      DELETE FROM "Products"
      WHERE "Id" = @p36;
      DELETE FROM "Products"
      WHERE "Id" = @p37;
      DELETE FROM "Products"
      WHERE "Id" = @p38;
      DELETE FROM "Products"
      WHERE "Id" = @p39;
      DELETE FROM "Products"
      WHERE "Id" = @p40;
      DELETE FROM "Products"
      WHERE "Id" = @p41;
      DELETE FROM "Products"
      WHERE "Id" = @p42;
      DELETE FROM "Products"
      WHERE "Id" = @p43;
      DELETE FROM "Products"
      WHERE "Id" = @p44;
      DELETE FROM "Products"
      WHERE "Id" = @p45;
      DELETE FROM "Products"
      WHERE "Id" = @p46;
      DELETE FROM "Products"
      WHERE "Id" = @p47;
      DELETE FROM "Products"
      WHERE "Id" = @p48;
      DELETE FROM "Products"
      WHERE "Id" = @p49;
      DELETE FROM "Products"
      WHERE "Id" = @p50;
      DELETE FROM "Products"
      WHERE "Id" = @p51;
      DELETE FROM "Products"
      WHERE "Id" = @p52;
      DELETE FROM "Products"
      WHERE "Id" = @p53;
      DELETE FROM "Products"
      WHERE "Id" = @p54;
      DELETE FROM "Products"
      WHERE "Id" = @p55;
      DELETE FROM "Products"
      WHERE "Id" = @p56;
      DELETE FROM "Products"
      WHERE "Id" = @p57;
      DELETE FROM "Products"
      WHERE "Id" = @p58;
      DELETE FROM "Products"
      WHERE "Id" = @p59;
      DELETE FROM "Products"
      WHERE "Id" = @p60;
      DELETE FROM "Products"
      WHERE "Id" = @p61;
      DELETE FROM "Products"
      WHERE "Id" = @p62;
      DELETE FROM "Products"
      WHERE "Id" = @p63;
      DELETE FROM "Products"
      WHERE "Id" = @p64;
      DELETE FROM "Products"
      WHERE "Id" = @p65;
      DELETE FROM "Products"
      WHERE "Id" = @p66;
      DELETE FROM "Products"
      WHERE "Id" = @p67;
      DELETE FROM "Products"
      WHERE "Id" = @p68;
      DELETE FROM "Products"
      WHERE "Id" = @p69;
      DELETE FROM "Products"
      WHERE "Id" = @p70;
      DELETE FROM "Products"
      WHERE "Id" = @p71;
      DELETE FROM "Products"
      WHERE "Id" = @p72;
      DELETE FROM "Products"
      WHERE "Id" = @p73;
      DELETE FROM "Products"
      WHERE "Id" = @p74;
      DELETE FROM "Products"
      WHERE "Id" = @p75;
      DELETE FROM "Products"
      WHERE "Id" = @p76;
      DELETE FROM "Products"
      WHERE "Id" = @p77;
      DELETE FROM "Products"
      WHERE "Id" = @p78;
      DELETE FROM "Products"
      WHERE "Id" = @p79;
      DELETE FROM "Products"
      WHERE "Id" = @p80;
      DELETE FROM "Products"
      WHERE "Id" = @p81;
      DELETE FROM "Products"
      WHERE "Id" = @p82;
      DELETE FROM "Products"
      WHERE "Id" = @p83;
      DELETE FROM "Products"
      WHERE "Id" = @p84;
      DELETE FROM "Products"
      WHERE "Id" = @p85;
      DELETE FROM "Products"
      WHERE "Id" = @p86;
      DELETE FROM "Products"
      WHERE "Id" = @p87;
      DELETE FROM "Products"
      WHERE "Id" = @p88;
      DELETE FROM "Products"
      WHERE "Id" = @p89;
      DELETE FROM "Products"
      WHERE "Id" = @p90;
      DELETE FROM "Products"
      WHERE "Id" = @p91;
      DELETE FROM "Products"
      WHERE "Id" = @p92;
      DELETE FROM "Products"
      WHERE "Id" = @p93;
      DELETE FROM "Products"
      WHERE "Id" = @p94;
      DELETE FROM "Products"
      WHERE "Id" = @p95;
      DELETE FROM "Products"
      WHERE "Id" = @p96;
      DELETE FROM "Products"
      WHERE "Id" = @p97;
      DELETE FROM "Products"
      WHERE "Id" = @p98;
      DELETE FROM "Products"
      WHERE "Id" = @p99;
      DELETE FROM "Products"
      WHERE "Id" = @p100;
      DELETE FROM "Products"
      WHERE "Id" = @p101;
      DELETE FROM "Products"
      WHERE "Id" = @p102;
      DELETE FROM "Products"
      WHERE "Id" = @p103;
      DELETE FROM "Products"
      WHERE "Id" = @p104;
      DELETE FROM "Products"
      WHERE "Id" = @p105;
      DELETE FROM "Products"
      WHERE "Id" = @p106;
      DELETE FROM "Products"
      WHERE "Id" = @p107;
      DELETE FROM "Products"
      WHERE "Id" = @p108;
      DELETE FROM "Products"
      WHERE "Id" = @p109;
      DELETE FROM "Products"
      WHERE "Id" = @p110;
      DELETE FROM "Products"
      WHERE "Id" = @p111;
      DELETE FROM "Products"
      WHERE "Id" = @p112;
      DELETE FROM "Products"
      WHERE "Id" = @p113;
      DELETE FROM "Products"
      WHERE "Id" = @p114;
      DELETE FROM "Products"
      WHERE "Id" = @p115;
      DELETE FROM "Products"
      WHERE "Id" = @p116;
      DELETE FROM "Products"
      WHERE "Id" = @p117;
      DELETE FROM "Products"
      WHERE "Id" = @p118;
      DELETE FROM "Products"
      WHERE "Id" = @p119;
      DELETE FROM "Products"
      WHERE "Id" = @p120;
      DELETE FROM "Products"
      WHERE "Id" = @p121;
      DELETE FROM "Products"
      WHERE "Id" = @p122;
      DELETE FROM "Products"
      WHERE "Id" = @p123;
      DELETE FROM "Products"
      WHERE "Id" = @p124;
      DELETE FROM "Products"
      WHERE "Id" = @p125;
      DELETE FROM "Products"
      WHERE "Id" = @p126;
      DELETE FROM "Products"
      WHERE "Id" = @p127;
      DELETE FROM "Products"
      WHERE "Id" = @p128;
      DELETE FROM "Products"
      WHERE "Id" = @p129;
      DELETE FROM "Products"
      WHERE "Id" = @p130;
      DELETE FROM "Products"
      WHERE "Id" = @p131;
      DELETE FROM "Products"
      WHERE "Id" = @p132;
      DELETE FROM "Products"
      WHERE "Id" = @p133;
      DELETE FROM "Products"
      WHERE "Id" = @p134;
      DELETE FROM "Products"
      WHERE "Id" = @p135;
      DELETE FROM "Products"
      WHERE "Id" = @p136;
      DELETE FROM "Products"
      WHERE "Id" = @p137;
      DELETE FROM "Products"
      WHERE "Id" = @p138;
      DELETE FROM "Products"
      WHERE "Id" = @p139;
      DELETE FROM "Products"
      WHERE "Id" = @p140;
      DELETE FROM "Products"
      WHERE "Id" = @p141;
      DELETE FROM "Products"
      WHERE "Id" = @p142;
      DELETE FROM "Products"
      WHERE "Id" = @p143;
      DELETE FROM "Products"
      WHERE "Id" = @p144;
      DELETE FROM "Products"
      WHERE "Id" = @p145;
      DELETE FROM "Products"
      WHERE "Id" = @p146;
      DELETE FROM "Products"
      WHERE "Id" = @p147;
      DELETE FROM "Products"
      WHERE "Id" = @p148;
      DELETE FROM "Products"
      WHERE "Id" = @p149;
      DELETE FROM "Products"
      WHERE "Id" = @p150;
      DELETE FROM "Products"
      WHERE "Id" = @p151;
      DELETE FROM "Products"
      WHERE "Id" = @p152;
      DELETE FROM "Products"
      WHERE "Id" = @p153;
      DELETE FROM "Products"
      WHERE "Id" = @p154;
REMOVED OLD PRODUCTS
info: Microsoft.EntityFrameworkCore.Database.Command[20101]
      Executed DbCommand (28ms) [Parameters=[@__id_0='?'], CommandType='Text', CommandTimeout='30']
      SELECT EXISTS (
          SELECT 1
          FROM "Products" AS p
          WHERE p."Id" = @__id_0)
info: Microsoft.EntityFrameworkCore.Database.Command[20101]
      Executed DbCommand (1ms) [Parameters=[@__id_0='?'], CommandType='Text', CommandTimeout='30']
      SELECT EXISTS (
          SELECT 1
          FROM "Products" AS p
          WHERE p."Id" = @__id_0)
info: Microsoft.EntityFrameworkCore.Database.Command[20101]
      Executed DbCommand (1ms) [Parameters=[@__id_0='?'], CommandType='Text', CommandTimeout='30']
      SELECT EXISTS (
          SELECT 1
          FROM "Products" AS p
          WHERE p."Id" = @__id_0)
info: Microsoft.EntityFrameworkCore.Database.Command[20101]
      Executed DbCommand (1ms) [Parameters=[@__id_0='?'], CommandType='Text', CommandTimeout='30']
      SELECT EXISTS (
          SELECT 1
          FROM "Products" AS p
          WHERE p."Id" = @__id_0)
info: Microsoft.EntityFrameworkCore.Database.Command[20101]
      Executed DbCommand (1ms) [Parameters=[@__id_0='?'], CommandType='Text', CommandTimeout='30']
      SELECT EXISTS (
          SELECT 1
          FROM "Products" AS p
          WHERE p."Id" = @__id_0)
info: Microsoft.EntityFrameworkCore.Database.Command[20101]
      Executed DbCommand (1ms) [Parameters=[@__id_0='?'], CommandType='Text', CommandTimeout='30']
      SELECT EXISTS (
          SELECT 1
          FROM "Products" AS p
          WHERE p."Id" = @__id_0)
info: Microsoft.EntityFrameworkCore.Database.Command[20101]
      Executed DbCommand (1ms) [Parameters=[@__id_0='?'], CommandType='Text', CommandTimeout='30']
      SELECT EXISTS (
          SELECT 1
          FROM "Products" AS p
          WHERE p."Id" = @__id_0)
info: Microsoft.EntityFrameworkCore.Database.Command[20101]
      Executed DbCommand (1ms) [Parameters=[@__id_0='?'], CommandType='Text', CommandTimeout='30']
      SELECT EXISTS (
          SELECT 1
          FROM "Products" AS p
          WHERE p."Id" = @__id_0)
info: Microsoft.EntityFrameworkCore.Database.Command[20101]
      Executed DbCommand (1ms) [Parameters=[@__id_0='?'], CommandType='Text', CommandTimeout='30']
      SELECT EXISTS (
          SELECT 1
          FROM "Products" AS p
          WHERE p."Id" = @__id_0)
info: Microsoft.EntityFrameworkCore.Database.Command[20101]
      Executed DbCommand (1ms) [Parameters=[@__id_0='?'], CommandType='Text', CommandTimeout='30']
      SELECT EXISTS (
          SELECT 1
          FROM "Products" AS p
          WHERE p."Id" = @__id_0)
info: Microsoft.EntityFrameworkCore.Database.Command[20101]
      Executed DbCommand (1ms) [Parameters=[@__id_0='?'], CommandType='Text', CommandTimeout='30']
      SELECT EXISTS (
          SELECT 1
          FROM "Products" AS p
          WHERE p."Id" = @__id_0)
